['ident', 'a']
['times', '*']
['lparen', '(']
['ident', 'b']
['plus', '+']
['ident', 'c']
['rparen', ')']
['ident', 'a']
['times', '*']
['ident', 'b']
['minus', '-']
['ident', 'c']
['lparen', '(']
['ident', 'b']
['slash', '/']
['ident', 'b']
['plus', '+']
['ident', 'c']
['rparen', ')']
['minus', '-']
['ident', 'c']
['plus', '+']
['ident', 'd']
['ident', 'a']
['minus', '-']
['ident', 'b']
['times', '*']
['ident', 'c']
['ident', 'a']
['minus', '-']
['ident', 'i']
['times', '*']
['ident', 'b']
['ident', 'b']
['minus', '-']
['lparen', '(']
['ident', 'a']
['plus', '+']
['ident', 'b']
['slash', '/']
['ident', 'd']
['times', '*']
['ident', 'e']
['rparen', ')']
['lparen', '(']
['ident', 'a']
['minus', '-']
['ident', 'b']
['rparen', ')']
['times', '*']
['ident', 'c']
['slash', '/']
['ident', 'd']
['plus', '+']
['ident', 'e']
['ident', 'a']
['times', '*']
['ident', 'b']
['plus', '+']
['ident', 'c']
['slash', '/']
['number', '5']
['plus', '+']
['ident', 'c']
['minus', '-']
['ident', 'e']
['ident', 'a']
['plus', '+']
['lparen', '(']
['ident', 'a']
['plus', '+']
['ident', 'g']
['rparen', ')']
['slash', '/']
['ident', 'b']
['plus', '+']
['ident', 'c']
['number', '3']
['times', '*']
['ident', 'b']
['minus', '-']
['lparen', '(']
['ident', 'c']
['times', '*']
['ident', 'g']
['plus', '+']
['ident', 'd']
['minus', '-']
['ident', 'f']
['rparen', ')']
['slash', '/']
['ident', 'd']
['slash', '/']
['ident', 'f']
